<?xml version="1.0" encoding="UTF-8"?>
<testsuite name="com.devminj.domain.posts.PostsRepositoryTest" tests="2" skipped="0" failures="0" errors="0" timestamp="2021-05-04T12:38:43" hostname="DESKTOP-6Q7PPIR" time="0.205">
  <properties/>
  <testcase name="게시글저장_불러오기" classname="com.devminj.domain.posts.PostsRepositoryTest" time="0.192"/>
  <testcase name="BaseTimeEntity_등록" classname="com.devminj.domain.posts.PostsRepositoryTest" time="0.013"/>
  <system-out><![CDATA[21:38:38.733 [Test worker] DEBUG org.springframework.test.context.junit4.SpringJUnit4ClassRunner - SpringJUnit4ClassRunner constructor called with [class com.devminj.domain.posts.PostsRepositoryTest]
21:38:38.733 [Test worker] DEBUG org.springframework.test.context.BootstrapUtils - Instantiating CacheAwareContextLoaderDelegate from class [org.springframework.test.context.cache.DefaultCacheAwareContextLoaderDelegate]
21:38:38.733 [Test worker] DEBUG org.springframework.test.context.BootstrapUtils - Instantiating BootstrapContext using constructor [public org.springframework.test.context.support.DefaultBootstrapContext(java.lang.Class,org.springframework.test.context.CacheAwareContextLoaderDelegate)]
21:38:38.749 [Test worker] DEBUG org.springframework.test.context.BootstrapUtils - Instantiating TestContextBootstrapper for test class [com.devminj.domain.posts.PostsRepositoryTest] from class [org.springframework.boot.test.context.SpringBootTestContextBootstrapper]
21:38:38.764 [Test worker] INFO org.springframework.boot.test.context.SpringBootTestContextBootstrapper - Neither @ContextConfiguration nor @ContextHierarchy found for test class [com.devminj.domain.posts.PostsRepositoryTest], using SpringBootContextLoader
21:38:38.764 [Test worker] DEBUG org.springframework.test.context.support.AbstractContextLoader - Did not detect default resource location for test class [com.devminj.domain.posts.PostsRepositoryTest]: class path resource [com/devminj/domain/posts/PostsRepositoryTest-context.xml] does not exist
21:38:38.764 [Test worker] DEBUG org.springframework.test.context.support.AbstractContextLoader - Did not detect default resource location for test class [com.devminj.domain.posts.PostsRepositoryTest]: class path resource [com/devminj/domain/posts/PostsRepositoryTestContext.groovy] does not exist
21:38:38.764 [Test worker] INFO org.springframework.test.context.support.AbstractContextLoader - Could not detect default resource locations for test class [com.devminj.domain.posts.PostsRepositoryTest]: no resource found for suffixes {-context.xml, Context.groovy}.
21:38:38.764 [Test worker] INFO org.springframework.test.context.support.AnnotationConfigContextLoaderUtils - Could not detect default configuration classes for test class [com.devminj.domain.posts.PostsRepositoryTest]: PostsRepositoryTest does not declare any static, non-private, non-final, nested classes annotated with @Configuration.
21:38:38.795 [Test worker] DEBUG org.springframework.test.context.support.ActiveProfilesUtils - Could not find an 'annotation declaring class' for annotation type [org.springframework.test.context.ActiveProfiles] and class [com.devminj.domain.posts.PostsRepositoryTest]
21:38:38.842 [Test worker] DEBUG org.springframework.context.annotation.ClassPathScanningCandidateComponentProvider - Identified candidate component class: file [C:\Users\mj\Desktop\IntelliJ_workspace\Study_Spring\Single-development_Websites\FirstSpringProject\build\classes\java\main\com\devminj\Application.class]
21:38:38.842 [Test worker] INFO org.springframework.boot.test.context.SpringBootTestContextBootstrapper - Found @SpringBootConfiguration com.devminj.Application for test class com.devminj.domain.posts.PostsRepositoryTest
21:38:38.936 [Test worker] DEBUG org.springframework.boot.test.context.SpringBootTestContextBootstrapper - @TestExecutionListeners is not present for class [com.devminj.domain.posts.PostsRepositoryTest]: using defaults.
21:38:38.936 [Test worker] INFO org.springframework.boot.test.context.SpringBootTestContextBootstrapper - Loaded default TestExecutionListener class names from location [META-INF/spring.factories]: [org.springframework.security.test.context.support.WithSecurityContextTestExecutionListener, org.springframework.security.test.context.support.ReactorContextTestExecutionListener, org.springframework.boot.test.autoconfigure.restdocs.RestDocsTestExecutionListener, org.springframework.boot.test.autoconfigure.web.client.MockRestServiceServerResetTestExecutionListener, org.springframework.boot.test.autoconfigure.web.servlet.MockMvcPrintOnlyOnFailureTestExecutionListener, org.springframework.boot.test.autoconfigure.web.servlet.WebDriverTestExecutionListener, org.springframework.boot.test.mock.mockito.MockitoTestExecutionListener, org.springframework.boot.test.mock.mockito.ResetMocksTestExecutionListener, org.springframework.test.context.web.ServletTestExecutionListener, org.springframework.test.context.support.DirtiesContextBeforeModesTestExecutionListener, org.springframework.test.context.support.DependencyInjectionTestExecutionListener, org.springframework.test.context.support.DirtiesContextTestExecutionListener, org.springframework.test.context.transaction.TransactionalTestExecutionListener, org.springframework.test.context.jdbc.SqlScriptsTestExecutionListener]
21:38:38.952 [Test worker] INFO org.springframework.boot.test.context.SpringBootTestContextBootstrapper - Using TestExecutionListeners: [org.springframework.test.context.web.ServletTestExecutionListener@77a08d0a, org.springframework.test.context.support.DirtiesContextBeforeModesTestExecutionListener@7fd4fe42, org.springframework.boot.test.mock.mockito.MockitoTestExecutionListener@6a7d7d58, org.springframework.boot.test.autoconfigure.SpringBootDependencyInjectionTestExecutionListener@e80b5, org.springframework.test.context.support.DirtiesContextTestExecutionListener@73b59563, org.springframework.test.context.transaction.TransactionalTestExecutionListener@2bcb53b9, org.springframework.test.context.jdbc.SqlScriptsTestExecutionListener@2a5d7c25, org.springframework.security.test.context.support.WithSecurityContextTestExecutionListener@5e225af3, org.springframework.security.test.context.support.ReactorContextTestExecutionListener@1e3c2d9, org.springframework.boot.test.autoconfigure.restdocs.RestDocsTestExecutionListener@70c41fc7, org.springframework.boot.test.autoconfigure.web.client.MockRestServiceServerResetTestExecutionListener@31b9e9ae, org.springframework.boot.test.autoconfigure.web.servlet.MockMvcPrintOnlyOnFailureTestExecutionListener@7d00d8a8, org.springframework.boot.test.autoconfigure.web.servlet.WebDriverTestExecutionListener@626a28db, org.springframework.boot.test.mock.mockito.ResetMocksTestExecutionListener@32802976]
21:38:38.954 [Test worker] DEBUG org.springframework.test.annotation.ProfileValueUtils - Retrieved @ProfileValueSourceConfiguration [null] for test class [com.devminj.domain.posts.PostsRepositoryTest]
21:38:38.954 [Test worker] DEBUG org.springframework.test.annotation.ProfileValueUtils - Retrieved ProfileValueSource type [class org.springframework.test.annotation.SystemProfileValueSource] for class [com.devminj.domain.posts.PostsRepositoryTest]
21:38:38.955 [Test worker] DEBUG org.springframework.test.annotation.ProfileValueUtils - Retrieved @ProfileValueSourceConfiguration [null] for test class [com.devminj.domain.posts.PostsRepositoryTest]
21:38:38.955 [Test worker] DEBUG org.springframework.test.annotation.ProfileValueUtils - Retrieved ProfileValueSource type [class org.springframework.test.annotation.SystemProfileValueSource] for class [com.devminj.domain.posts.PostsRepositoryTest]
21:38:38.958 [Test worker] DEBUG org.springframework.test.context.support.AbstractDirtiesContextTestExecutionListener - Before test class: context [DefaultTestContext@5a50f633 testClass = PostsRepositoryTest, testInstance = [null], testMethod = [null], testException = [null], mergedContextConfiguration = [WebMergedContextConfiguration@6be01db8 testClass = PostsRepositoryTest, locations = '{}', classes = '{class com.devminj.Application}', contextInitializerClasses = '[]', activeProfiles = '{}', propertySourceLocations = '{}', propertySourceProperties = '{org.springframework.boot.test.context.SpringBootTestContextBootstrapper=true}', contextCustomizers = set[org.springframework.boot.test.autoconfigure.properties.PropertyMappingContextCustomizer@0, org.springframework.boot.test.autoconfigure.web.servlet.WebDriverContextCustomizerFactory$Customizer@7c2cbeac, org.springframework.boot.test.context.filter.ExcludeFilterContextCustomizer@6fc352b8, org.springframework.boot.test.json.DuplicateJsonObjectContextCustomizerFactory$DuplicateJsonObjectContextCustomizer@7ffeb8a8, org.springframework.boot.test.mock.mockito.MockitoContextCustomizer@0, org.springframework.boot.test.web.client.TestRestTemplateContextCustomizer@5c825311], resourceBasePath = 'src/main/webapp', contextLoader = 'org.springframework.boot.test.context.SpringBootContextLoader', parent = [null]], attributes = map['org.springframework.test.context.web.ServletTestExecutionListener.activateListener' -> true]], class annotated with @DirtiesContext [false] with mode [null].
21:38:38.959 [Test worker] DEBUG org.springframework.test.annotation.ProfileValueUtils - Retrieved @ProfileValueSourceConfiguration [null] for test class [com.devminj.domain.posts.PostsRepositoryTest]
21:38:38.959 [Test worker] DEBUG org.springframework.test.annotation.ProfileValueUtils - Retrieved ProfileValueSource type [class org.springframework.test.annotation.SystemProfileValueSource] for class [com.devminj.domain.posts.PostsRepositoryTest]
21:38:38.974 [Test worker] DEBUG org.springframework.test.context.support.TestPropertySourceUtils - Adding inlined properties to environment: {spring.jmx.enabled=false, org.springframework.boot.test.context.SpringBootTestContextBootstrapper=true, server.port=-1}

  .   ____          _            __ _ _
 /\\ / ___'_ __ _ _(_)_ __  __ _ \ \ \ \
( ( )\___ | '_ | '_| | '_ \/ _` | \ \ \ \
 \\/  ___)| |_)| | | | | || (_| |  ) ) ) )
  '  |____| .__|_| |_|_| |_\__, | / / / /
 =========|_|==============|___/=/_/_/_/
 :: Spring Boot ::        (v2.1.7.RELEASE)

2021-05-04 21:38:39.142  INFO 7644 --- [    Test worker] c.d.domain.posts.PostsRepositoryTest     : Starting PostsRepositoryTest on DESKTOP-6Q7PPIR with PID 7644 (started by mj in C:\Users\mj\Desktop\IntelliJ_workspace\Study_Spring\Single-development_Websites\FirstSpringProject)
2021-05-04 21:38:39.143  INFO 7644 --- [    Test worker] c.d.domain.posts.PostsRepositoryTest     : No active profile set, falling back to default profiles: default
2021-05-04 21:38:39.689  INFO 7644 --- [    Test worker] .s.d.r.c.RepositoryConfigurationDelegate : Bootstrapping Spring Data repositories in DEFAULT mode.
2021-05-04 21:38:39.752  INFO 7644 --- [    Test worker] .s.d.r.c.RepositoryConfigurationDelegate : Finished Spring Data repository scanning in 63ms. Found 2 repository interfaces.
2021-05-04 21:38:40.091  INFO 7644 --- [    Test worker] trationDelegate$BeanPostProcessorChecker : Bean 'org.springframework.transaction.annotation.ProxyTransactionManagementConfiguration' of type [org.springframework.transaction.annotation.ProxyTransactionManagementConfiguration$$EnhancerBySpringCGLIB$$db718592] is not eligible for getting processed by all BeanPostProcessors (for example: not eligible for auto-proxying)
2021-05-04 21:38:40.260  INFO 7644 --- [    Test worker] com.zaxxer.hikari.HikariDataSource       : HikariPool-1 - Starting...
2021-05-04 21:38:40.383  INFO 7644 --- [    Test worker] com.zaxxer.hikari.HikariDataSource       : HikariPool-1 - Start completed.
2021-05-04 21:38:40.449  INFO 7644 --- [    Test worker] o.hibernate.jpa.internal.util.LogHelper  : HHH000204: Processing PersistenceUnitInfo [
	name: default
	...]
2021-05-04 21:38:40.509  INFO 7644 --- [    Test worker] org.hibernate.Version                    : HHH000412: Hibernate Core {5.3.10.Final}
2021-05-04 21:38:40.510  INFO 7644 --- [    Test worker] org.hibernate.cfg.Environment            : HHH000206: hibernate.properties not found
2021-05-04 21:38:40.641  INFO 7644 --- [    Test worker] o.hibernate.annotations.common.Version   : HCANN000001: Hibernate Commons Annotations {5.0.4.Final}
2021-05-04 21:38:40.771  INFO 7644 --- [    Test worker] org.hibernate.dialect.Dialect            : HHH000400: Using dialect: org.hibernate.dialect.MySQL5Dialect
Hibernate: 
    
    drop table if exists posts
Hibernate: 
    
    drop table if exists user
Hibernate: 
    
    create table posts (
       id bigint not null auto_increment,
        create_date datetime,
        modified_date datetime,
        author varchar(255),
        content TEXT not null,
        title varchar(500) not null,
        primary key (id)
    ) engine=MyISAM
Hibernate: 
    
    create table user (
       id bigint not null auto_increment,
        email varchar(255) not null,
        name varchar(255) not null,
        picture varchar(255),
        role varchar(255) not null,
        primary key (id)
    ) engine=MyISAM
2021-05-04 21:38:41.317  INFO 7644 --- [    Test worker] o.h.t.schema.internal.SchemaCreatorImpl  : HHH000476: Executing import script 'org.hibernate.tool.schema.internal.exec.ScriptSourceInputNonExistentImpl@25c2f7e3'
2021-05-04 21:38:41.317  INFO 7644 --- [    Test worker] j.LocalContainerEntityManagerFactoryBean : Initialized JPA EntityManagerFactory for persistence unit 'default'
2021-05-04 21:38:41.739  INFO 7644 --- [    Test worker] o.h.h.i.QueryTranslatorFactoryInitiator  : HHH000397: Using ASTQueryTranslatorFactory
2021-05-04 21:38:42.206  INFO 7644 --- [    Test worker] o.s.s.web.DefaultSecurityFilterChain     : Creating filter chain: any request, [org.springframework.security.web.context.request.async.WebAsyncManagerIntegrationFilter@6046af07, org.springframework.security.web.context.SecurityContextPersistenceFilter@4af66ba3, org.springframework.security.web.header.HeaderWriterFilter@5773290, org.springframework.security.web.authentication.logout.LogoutFilter@4ca5fc94, org.springframework.security.oauth2.client.web.OAuth2AuthorizationRequestRedirectFilter@e0a28ee, org.springframework.security.oauth2.client.web.OAuth2LoginAuthenticationFilter@1d1c4239, org.springframework.security.web.authentication.ui.DefaultLoginPageGeneratingFilter@4c6402a5, org.springframework.security.web.authentication.ui.DefaultLogoutPageGeneratingFilter@67bdb235, org.springframework.security.web.savedrequest.RequestCacheAwareFilter@4add31f1, org.springframework.security.web.servletapi.SecurityContextHolderAwareRequestFilter@5b37c451, org.springframework.security.web.authentication.AnonymousAuthenticationFilter@2ad9d0ad, org.springframework.security.web.session.SessionManagementFilter@3bbc63c7, org.springframework.security.web.access.ExceptionTranslationFilter@7791203d, org.springframework.security.web.access.intercept.FilterSecurityInterceptor@755cc8f1]
2021-05-04 21:38:42.670  INFO 7644 --- [    Test worker] o.s.s.concurrent.ThreadPoolTaskExecutor  : Initializing ExecutorService 'applicationTaskExecutor'
2021-05-04 21:38:42.724  WARN 7644 --- [    Test worker] aWebConfiguration$JpaWebMvcConfiguration : spring.jpa.open-in-view is enabled by default. Therefore, database queries may be performed during view rendering. Explicitly configure spring.jpa.open-in-view to disable this warning
2021-05-04 21:38:42.784  INFO 7644 --- [    Test worker] o.s.b.a.w.s.WelcomePageHandlerMapping    : Adding welcome page template: index
2021-05-04 21:38:43.238  INFO 7644 --- [    Test worker] s.a.ScheduledAnnotationBeanPostProcessor : No TaskScheduler/ScheduledExecutorService bean found for scheduled processing
2021-05-04 21:38:43.238  INFO 7644 --- [    Test worker] c.d.domain.posts.PostsRepositoryTest     : Started PostsRepositoryTest in 4.258 seconds (JVM running for 4.933)
Hibernate: 
    insert 
    into
        posts
        (create_date, modified_date, author, content, title) 
    values
        (?, ?, ?, ?, ?)
Hibernate: 
    select
        posts0_.id as id1_0_,
        posts0_.create_date as create_d2_0_,
        posts0_.modified_date as modified3_0_,
        posts0_.author as author4_0_,
        posts0_.content as content5_0_,
        posts0_.title as title6_0_ 
    from
        posts posts0_
Hibernate: 
    select
        posts0_.id as id1_0_,
        posts0_.create_date as create_d2_0_,
        posts0_.modified_date as modified3_0_,
        posts0_.author as author4_0_,
        posts0_.content as content5_0_,
        posts0_.title as title6_0_ 
    from
        posts posts0_
Hibernate: 
    delete 
    from
        posts 
    where
        id=?
Hibernate: 
    insert 
    into
        posts
        (create_date, modified_date, author, content, title) 
    values
        (?, ?, ?, ?, ?)
Hibernate: 
    select
        posts0_.id as id1_0_,
        posts0_.create_date as create_d2_0_,
        posts0_.modified_date as modified3_0_,
        posts0_.author as author4_0_,
        posts0_.content as content5_0_,
        posts0_.title as title6_0_ 
    from
        posts posts0_
>>>>>>>>> createDate = 2021-05-04T21:38:43.459, modifiedDate = 2021-05-04T21:38:43.459
Hibernate: 
    select
        posts0_.id as id1_0_,
        posts0_.create_date as create_d2_0_,
        posts0_.modified_date as modified3_0_,
        posts0_.author as author4_0_,
        posts0_.content as content5_0_,
        posts0_.title as title6_0_ 
    from
        posts posts0_
Hibernate: 
    delete 
    from
        posts 
    where
        id=?
]]></system-out>
  <system-err><![CDATA[]]></system-err>
</testsuite>
